
ROM used: 14924 (46%)
          14924 (46%) including unused fragments

          4 Average locations per line
          11 Average locations per statement

RAM used: 112 (7%) at main() level
          431 (28%) worst case

Stack used: 6 worst case (out of 31 total available)

Lines Stmts  %   Files
----- ----- ---  -----
  598   451  34  logger.c
  725   395  30  logger.h
  416     0   0  C:\Program Files\PICC\devices\18F458.h
 1273   359  27  C:\Program Files\PICC\drivers\stdlib.h
   28     0   0  C:\Program Files\PICC\drivers\stddef.h
  409   121   9  C:\Program Files\PICC\drivers\string.h
   28     0   0  C:\Program Files\PICC\drivers\ctype.h
----- -----
 3477  1326 Total

Page ROM  %  RAM   Vol Diff  Functions:
---- --- --- ---   --- ----  ----------
0     40   0   1             @delay_ms1
0     28   0   1             @PUTCHAR_BIU_1
0     84   0  14             @MUL3232
0     66   0   5             @DIV1616
0    466   2   5   849  7.3  GenStatus
0    122   0  13             @DIV3232
0    822   3   6  1312  6.8  ReloadStatus
0    716   2  13  1284  5.0  ReadRec
0    296   1 273   650  6.2  SendPage
0    748   3   6  1035  7.8  Acquire
0    514   2  13  1091  4.5  SaveRec
0    426   1   4   502  4.3  EraseAll
0     50   0   0   134  1.3  EraseEE
0    192   1  13   471  4.6  WriteEE
0    320   1  10  1084  4.1  SendCmd
0     38   0   1    70  1.6  Sel_UART
0     18   0   0    86  2.1  Start_TimeOut
0      6   0   0    38  1.4  Stop_TimeOut
0    920   3   5  1691  6.3  Display
0     66   0   0             @const438
0     66   0   0             @const440
0     66   0   0             @const441
0     66   0   0             @const442
0     66   0   0             @const443
0     46   0   0             @goto11497
0     68   0   0             @const445
0     68   0   0             @const446
0     28   0   1             @SPRINTF
0    178   1   9             @PRINTF_LU_449
0     68   0   0             @const453
0     40   0   3             @DIV88
0    102   0   2             @PRINTF_U_449
0     68   0   0             @const462
0    174   1  12             @PRINTF_L32U_449
0    190   1   1  1309  3.9  LcdReset
0     88   0   0   331  1.9  LcdInit
0    256   1   3   993  4.9  LcdWriteCmd
0    256   1   3   993  4.9  LcdWriteChar
0     48   0   3    59  2.6  LcdWriteStr
0    124   0   3   584  6.0  LcdGotoXY
0     34   0   0    94  1.7  LcdClear
0   5616  19   4 22649 10.5  MAIN
0     18   0   0             @const479
0     34   0   2             @PSTRINGC_65
0     54   0   0             @const481
0     68   0   0             @const501
0     68   0   0             @const502
0     68   0   0             @const503
0     68   0   0             @const504
0     52   0   0             @const509
0     68   0   0             @const510
0     68   0   0             @const511
0     68   0   0             @const512
0     68   0   0             @const513
0     30   0   5             @MUL1616
0     52   0   0             @const519
0     52   0   0             @const520
0     48   0   0             @goto11970
0      6   0   0     5  1.0  AD_isr
0     42   0   0   228  4.9  wave_timer
0     38   0   0             @goto11994
0     26   0   0    80  2.7  adc_timer
0      6   0   0     5  1.0  EXT_Nibble_isr
0      6   0   0     5  1.0  EXT2_busy_isr
0      6   0   0     5  1.0  EXT1_isr
0     38   0   0    70  2.0  RDA_isr

Program metrics:
    Functions               29
    Statements              1326
    Comments                1374
    Volume (V)              52803
    Difficilty (D)          114.7
    Effort to implement (E) 6058173
    Time to implement (T)   93 hours, 29 minutes
    Est Delivered Bugs (B)  11
    Cyclomatic Complexity   126
    Maintainability (MI)    22

 Segment     Used  Free
-----------  ----  ----
00000-00002     4  0  
00004-00006     0  4  
00008-000DC   214  0  
000DE-07FFE  14706  17840  



