Post Processor Report
OrCAD FILE: F:\MUSHTAQ PCB\SAJJAD HUSSAIN\DDL\ICCC-PD-24-PCBR0500\DATA LOGGER-70.MAX
Mon Oct 20 10:32:48 2014

*********************************************************

Output file: F:\MUSHTAQ PCB\SAJJAD HUSSAIN\DDL\ICCC-PD-24-PCBR0500\DATA LOGGER-70.TOP

Aperture totals for F:\MUSHTAQ PCB\SAJJAD HUSSAIN\DDL\ICCC-PD-24-PCBR0500\DATA LOGGER-70.TOP:
---------------------------------------------------------
D10:  0.0600 ROUND  --       0 Draws,      69 Flashes
D11:  0.0600 SQUARE --       0 Draws,      36 Flashes
D12:  0.0320 x 0.0380 RECTANGLE -----      48 Flashes
D13:  0.0500 SQUARE --       0 Draws,     180 Flashes
D14:  0.0380 x 0.0320 RECTANGLE -----      60 Flashes
D15:  0.0800 SQUARE --       0 Draws,      12 Flashes
D16:  0.1400 x 0.0800 RECTANGLE -----       2 Flashes
D17:  0.2000 x 0.4000 RECTANGLE -----       2 Flashes
D18:  0.0800 x 0.1400 RECTANGLE -----       2 Flashes
D19:  0.1500 SQUARE --       0 Draws,       2 Flashes
D20:  0.0520 x 0.0500 RECTANGLE -----       2 Flashes
D21:  0.0700 ROUND  --       0 Draws,       7 Flashes
D22:  0.0700 SQUARE --       0 Draws,       3 Flashes
D23:  0.0900 x 0.1000 RECTANGLE -----       4 Flashes
D24:  0.0750 x 0.1100 RECTANGLE -----       2 Flashes
D25:  0.0300 x 0.0600 RECTANGLE -----       2 Flashes
D26:  0.1000 ROUND  --       0 Draws,       1 Flashes
D27:  0.1000 SQUARE --       0 Draws,       1 Flashes
D28:  0.1200 x 0.0800 RECTANGLE -----       2 Flashes
D29:  0.0900 ROUND  --       0 Draws,       2 Flashes
D30:  0.0300 ROUND  --       0 Draws,      11 Flashes
D31:  0.0300 SQUARE --       0 Draws,       3 Flashes
D32:  0.0800 x 0.1500 OBLONG    -----       6 Flashes
D33:  0.1500 x 0.0800 OBLONG    -----       3 Flashes
D34:  0.1260 ROUND  --       0 Draws,       8 Flashes
D35:  0.1200 ROUND  --       0 Draws,       2 Flashes
D36:  0.2300 x 0.1200 RECTANGLE -----       2 Flashes
D37:  0.1500 x 0.0900 OBLONG    -----      18 Flashes
D38:  0.0550 ROUND  --       0 Draws,       1 Flashes
D39:  0.0900 x 0.0500 RECTANGLE -----      10 Flashes
D40:  0.0900 x 0.1200 RECTANGLE -----       5 Flashes
D41:  0.0500 x 0.0900 RECTANGLE -----       6 Flashes
D42:  0.1000 x 0.0240 OBLONG    -----      20 Flashes
D43:  0.1000 x 0.0240 RECTANGLE -----       2 Flashes
D44:  0.0240 x 0.1000 OBLONG    -----      19 Flashes
D45:  0.0240 x 0.1000 RECTANGLE -----       3 Flashes
D46:  0.1968 x 0.5905 RECTANGLE -----       1 Flashes
D47:  0.0880 x 0.0480 RECTANGLE -----       3 Flashes
D48:  0.0450 x 0.1500 RECTANGLE -----       6 Flashes
D49:  0.4400 x 0.3500 RECTANGLE -----       2 Flashes
D50:  0.0700 x 0.0110 OBLONG    -----      94 Flashes
D51:  0.0700 x 0.0110 RECTANGLE -----      10 Flashes
D52:  0.0110 x 0.0700 OBLONG    -----      93 Flashes
D53:  0.0110 x 0.0700 RECTANGLE -----      11 Flashes
D54:  0.0650 x 0.0160 OBLONG    -----       7 Flashes
D55:  0.0650 x 0.0160 RECTANGLE -----       1 Flashes
D56:  0.0201 x 0.1600 RECTANGLE -----      18 Flashes
D57:  0.1000 x 0.0250 OBLONG    -----      30 Flashes
D58:  0.1000 x 0.0250 RECTANGLE -----       2 Flashes
D59:  0.1400 x 0.0600 RECTANGLE -----       6 Flashes
D60:  0.1200 x 0.0900 RECTANGLE -----       2 Flashes
D61:  0.0940 x 0.0250 OBLONG    -----      21 Flashes
D62:  0.0940 x 0.0250 RECTANGLE -----       3 Flashes
D63:  0.0500 x 0.0150 OBLONG    -----      15 Flashes
D64:  0.0500 x 0.0150 RECTANGLE -----       1 Flashes
D65:  0.0870 x 0.0420 RECTANGLE -----       5 Flashes
D66:  0.3250 x 0.4250 RECTANGLE -----       1 Flashes
D67:  0.0250 x 0.0940 OBLONG    -----       7 Flashes
D68:  0.0250 x 0.0940 RECTANGLE -----       1 Flashes
D69:  0.0500 x 0.0200 RECTANGLE -----       6 Flashes
D70:  0.0350 x 0.0150 RECTANGLE -----       8 Flashes
D71:  0.0580 SQUARE --       0 Draws,       1 Flashes
D72:  0.0250 ROUND  --       0 Draws,       9 Flashes
D73:  0.0120 ROUND  --    1262 Draws,       0 Flashes
D74:  0.0400 ROUND  --       0 Draws,      79 Flashes
D75:  0.0300 ROUND  --     285 Draws,       0 Flashes
D76:  0.0200 ROUND  --     257 Draws,       0 Flashes
D77:  0.0150 ROUND  --      35 Draws,       0 Flashes
D78:  0.0250 ROUND  --       0 Draws,     173 Flashes
D79:  0.0100 ROUND  --      18 Draws,       0 Flashes
D80:  0.0500 ROUND  --      92 Draws,       0 Flashes
D81:  0.0400 ROUND  --       0 Draws,       1 Flashes
---------------------------------------------------------
 72 D-Codes      -----    1949 Draws,    1175 Flashes

*********************************************************

Output file: F:\MUSHTAQ PCB\SAJJAD HUSSAIN\DDL\ICCC-PD-24-PCBR0500\DATA LOGGER-70.BOT

Aperture totals for F:\MUSHTAQ PCB\SAJJAD HUSSAIN\DDL\ICCC-PD-24-PCBR0500\DATA LOGGER-70.BOT:
---------------------------------------------------------
D73:  0.0120 ROUND  --     475 Draws,       0 Flashes
D74:  0.0400 ROUND  --       0 Draws,      79 Flashes
D75:  0.0300 ROUND  --      31 Draws,       0 Flashes
D76:  0.0200 ROUND  --      66 Draws,       0 Flashes
D78:  0.0250 ROUND  --       0 Draws,     168 Flashes
D79:  0.0100 ROUND  --       1 Draws,       0 Flashes
D80:  0.0500 ROUND  --       2 Draws,       0 Flashes
D81:  0.0400 ROUND  --       0 Draws,       1 Flashes
D82:  0.0600 ROUND  --       0 Draws,      69 Flashes
D83:  0.0600 SQUARE --       0 Draws,      20 Flashes
D84:  0.0500 SQUARE --       0 Draws,      94 Flashes
D85:  0.0800 SQUARE --       0 Draws,      14 Flashes
D86:  0.0380 x 0.0320 RECTANGLE -----      10 Flashes
D87:  0.0700 ROUND  --       0 Draws,       7 Flashes
D88:  0.0700 SQUARE --       0 Draws,       3 Flashes
D89:  0.1000 ROUND  --       0 Draws,       1 Flashes
D90:  0.1000 SQUARE --       0 Draws,       1 Flashes
D91:  0.0600 x 0.0800 RECTANGLE -----       2 Flashes
D92:  0.0900 ROUND  --       0 Draws,       2 Flashes
D93:  0.0300 ROUND  --       0 Draws,      11 Flashes
D94:  0.0300 SQUARE --       0 Draws,       3 Flashes
D95:  0.0800 x 0.1500 OBLONG    -----       6 Flashes
D96:  0.1500 x 0.0800 OBLONG    -----       3 Flashes
D97:  0.1260 ROUND  --       0 Draws,       8 Flashes
D98:  0.1200 ROUND  --       0 Draws,       2 Flashes
D99:  0.0320 x 0.0380 RECTANGLE -----       4 Flashes
D100: 0.1500 x 0.0900 OBLONG    -----      18 Flashes
D101: 0.0550 ROUND  --       0 Draws,       1 Flashes
D102: 0.0200 x 0.0500 RECTANGLE -----       6 Flashes
D103: 0.0250 x 0.0940 OBLONG    -----      28 Flashes
D104: 0.0250 x 0.0940 RECTANGLE -----       4 Flashes
D105: 0.0900 x 0.0160 OBLONG    -----      19 Flashes
D106: 0.0900 x 0.0160 RECTANGLE -----       1 Flashes
D107: 0.0250 x 0.0860 OBLONG    -----       7 Flashes
D108: 0.0250 x 0.0860 RECTANGLE -----       1 Flashes
D109: 0.0580 SQUARE --       0 Draws,       1 Flashes
D110: 0.0250 ROUND  --       0 Draws,       9 Flashes
D111: 0.0250 ROUND  --       0 Draws,       5 Flashes
D112: 0.0060 ROUND  --      34 Draws,       0 Flashes
D113: 0.0080 ROUND  --      54 Draws,       0 Flashes
---------------------------------------------------------
 40 D-Codes      -----     663 Draws,     608 Flashes

*********************************************************

Output file: F:\MUSHTAQ PCB\SAJJAD HUSSAIN\DDL\ICCC-PD-24-PCBR0500\DATA LOGGER-70.IN1

Aperture totals for F:\MUSHTAQ PCB\SAJJAD HUSSAIN\DDL\ICCC-PD-24-PCBR0500\DATA LOGGER-70.IN1:
---------------------------------------------------------
D77:  0.0150 ROUND  --     434 Draws,       0 Flashes
D79:  0.0100 ROUND  --   12518 Draws,       0 Flashes
D81:  0.0400 ROUND  --       0 Draws,      70 Flashes
D82:  0.0600 ROUND  --       0 Draws,      39 Flashes
D83:  0.0600 SQUARE --       0 Draws,      48 Flashes
D87:  0.0700 ROUND  --       0 Draws,       7 Flashes
D88:  0.0700 SQUARE --       0 Draws,       3 Flashes
D89:  0.1000 ROUND  --       0 Draws,       1 Flashes
D90:  0.1000 SQUARE --       0 Draws,       1 Flashes
D92:  0.0900 ROUND  --       0 Draws,       2 Flashes
D93:  0.0300 ROUND  --       0 Draws,      11 Flashes
D94:  0.0300 SQUARE --       0 Draws,       3 Flashes
D95:  0.0800 x 0.1500 OBLONG    -----       6 Flashes
D97:  0.1260 ROUND  --       0 Draws,       8 Flashes
D98:  0.1200 ROUND  --       0 Draws,       2 Flashes
D100: 0.1500 x 0.0900 OBLONG    -----      21 Flashes
D101: 0.0550 ROUND  --       0 Draws,       1 Flashes
D109: 0.0580 SQUARE --       0 Draws,       1 Flashes
D110: 0.0250 ROUND  --       0 Draws,       9 Flashes
D111: 0.0250 ROUND  --       0 Draws,     147 Flashes
D114: 0.0400 ROUND  --       0 Draws,      10 Flashes
D115: 0.0250 ROUND  --       0 Draws,      26 Flashes
---------------------------------------------------------
 22 D-Codes      -----   12952 Draws,     416 Flashes

*********************************************************

Output file: F:\MUSHTAQ PCB\SAJJAD HUSSAIN\DDL\ICCC-PD-24-PCBR0500\DATA LOGGER-70.IN2

Aperture totals for F:\MUSHTAQ PCB\SAJJAD HUSSAIN\DDL\ICCC-PD-24-PCBR0500\DATA LOGGER-70.IN2:
---------------------------------------------------------
D77:  0.0150 ROUND  --     849 Draws,       0 Flashes
D79:  0.0100 ROUND  --   10801 Draws,       0 Flashes
D81:  0.0400 ROUND  --       0 Draws,      70 Flashes
D82:  0.0600 ROUND  --       0 Draws,      39 Flashes
D83:  0.0600 SQUARE --       0 Draws,      48 Flashes
D87:  0.0700 ROUND  --       0 Draws,       7 Flashes
D88:  0.0700 SQUARE --       0 Draws,       3 Flashes
D89:  0.1000 ROUND  --       0 Draws,       1 Flashes
D90:  0.1000 SQUARE --       0 Draws,       1 Flashes
D92:  0.0900 ROUND  --       0 Draws,       2 Flashes
D93:  0.0300 ROUND  --       0 Draws,      11 Flashes
D94:  0.0300 SQUARE --       0 Draws,       3 Flashes
D95:  0.0800 x 0.1500 OBLONG    -----       6 Flashes
D97:  0.1260 ROUND  --       0 Draws,       8 Flashes
D98:  0.1200 ROUND  --       0 Draws,       2 Flashes
D100: 0.1500 x 0.0900 OBLONG    -----      21 Flashes
D101: 0.0550 ROUND  --       0 Draws,       1 Flashes
D109: 0.0580 SQUARE --       0 Draws,       1 Flashes
D110: 0.0250 ROUND  --       0 Draws,       9 Flashes
D111: 0.0250 ROUND  --       0 Draws,     147 Flashes
D114: 0.0400 ROUND  --       0 Draws,      10 Flashes
D115: 0.0250 ROUND  --       0 Draws,      26 Flashes
---------------------------------------------------------
 22 D-Codes      -----   11650 Draws,     416 Flashes

*********************************************************

Output file: F:\MUSHTAQ PCB\SAJJAD HUSSAIN\DDL\ICCC-PD-24-PCBR0500\DATA LOGGER-70.SMT

Aperture totals for F:\MUSHTAQ PCB\SAJJAD HUSSAIN\DDL\ICCC-PD-24-PCBR0500\DATA LOGGER-70.SMT:
---------------------------------------------------------
D82:  0.0600 ROUND  --       0 Draws,       1 Flashes
D83:  0.0600 SQUARE --       0 Draws,      18 Flashes
D84:  0.0500 SQUARE --       0 Draws,     180 Flashes
D85:  0.0800 SQUARE --       0 Draws,      24 Flashes
D86:  0.0380 x 0.0320 RECTANGLE -----      60 Flashes
D87:  0.0700 ROUND  --       0 Draws,      21 Flashes
D88:  0.0700 SQUARE --       0 Draws,       6 Flashes
D93:  0.0300 ROUND  --       0 Draws,       9 Flashes
D97:  0.1260 ROUND  --       0 Draws,       8 Flashes
D98:  0.1200 ROUND  --       0 Draws,       1 Flashes
D99:  0.0320 x 0.0380 RECTANGLE -----      48 Flashes
D103: 0.0250 x 0.0940 OBLONG    -----       7 Flashes
D104: 0.0250 x 0.0940 RECTANGLE -----       1 Flashes
D109: 0.0580 SQUARE --       0 Draws,       1 Flashes
D116: 0.1400 x 0.0800 RECTANGLE -----       2 Flashes
D117: 0.2000 x 0.4000 RECTANGLE -----       2 Flashes
D118: 0.0800 x 0.1400 RECTANGLE -----       2 Flashes
D119: 0.1500 SQUARE --       0 Draws,       2 Flashes
D120: 0.0520 x 0.0500 RECTANGLE -----       2 Flashes
D121: 0.0850 ROUND  --       0 Draws,       7 Flashes
D122: 0.0850 SQUARE --       0 Draws,       3 Flashes
D123: 0.0900 x 0.1000 RECTANGLE -----       4 Flashes
D124: 0.0750 x 0.1100 RECTANGLE -----       2 Flashes
D125: 0.0300 x 0.0600 RECTANGLE -----       2 Flashes
D126: 0.1200 SQUARE --       0 Draws,       1 Flashes
D127: 0.1200 x 0.0800 RECTANGLE -----       2 Flashes
D128: 0.0750 ROUND  --       0 Draws,      43 Flashes
D129: 0.1100 ROUND  --       0 Draws,       2 Flashes
D130: 0.0400 ROUND  --       0 Draws,      11 Flashes
D131: 0.0400 SQUARE --       0 Draws,       3 Flashes
D132: 0.0900 x 0.1600 OBLONG    -----       6 Flashes
D133: 0.1600 x 0.0900 OBLONG    -----       3 Flashes
D134: 0.1500 ROUND  --       0 Draws,       2 Flashes
D135: 0.2300 x 0.1200 RECTANGLE -----       2 Flashes
D136: 0.1600 x 0.1000 OBLONG    -----      18 Flashes
D137: 0.0900 x 0.0500 RECTANGLE -----      10 Flashes
D138: 0.0900 x 0.1200 RECTANGLE -----       5 Flashes
D139: 0.1000 x 0.0240 OBLONG    -----      20 Flashes
D140: 0.1000 x 0.0240 RECTANGLE -----       2 Flashes
D141: 0.0240 x 0.1000 OBLONG    -----      19 Flashes
D142: 0.0240 x 0.1000 RECTANGLE -----       3 Flashes
D143: 0.1968 x 0.5905 RECTANGLE -----       1 Flashes
D144: 0.0880 x 0.0480 RECTANGLE -----       3 Flashes
D145: 0.0450 x 0.1500 RECTANGLE -----       6 Flashes
D146: 0.4400 x 0.3500 RECTANGLE -----       2 Flashes
D147: 0.0700 x 0.0110 OBLONG    -----      94 Flashes
D148: 0.0700 x 0.0110 RECTANGLE -----      10 Flashes
D149: 0.0110 x 0.0700 OBLONG    -----      93 Flashes
D150: 0.0110 x 0.0700 RECTANGLE -----      11 Flashes
D151: 0.0650 x 0.0160 OBLONG    -----       7 Flashes
D152: 0.0650 x 0.0160 RECTANGLE -----       1 Flashes
D153: 0.0201 x 0.1600 RECTANGLE -----      18 Flashes
D154: 0.1000 x 0.0250 OBLONG    -----      30 Flashes
D155: 0.1000 x 0.0250 RECTANGLE -----       2 Flashes
D156: 0.1400 x 0.0600 RECTANGLE -----       6 Flashes
D157: 0.0500 x 0.0900 RECTANGLE -----       4 Flashes
D158: 0.1200 x 0.0900 RECTANGLE -----       2 Flashes
D159: 0.0940 x 0.0250 OBLONG    -----      21 Flashes
D160: 0.0940 x 0.0250 RECTANGLE -----       3 Flashes
D161: 0.0500 x 0.0150 OBLONG    -----      15 Flashes
D162: 0.0500 x 0.0150 RECTANGLE -----       1 Flashes
D163: 0.0870 x 0.0420 RECTANGLE -----       5 Flashes
D164: 0.3250 x 0.4250 RECTANGLE -----       1 Flashes
D165: 0.0500 x 0.0200 RECTANGLE -----       6 Flashes
D166: 0.0350 x 0.0150 RECTANGLE -----       8 Flashes
D167: 0.0800 ROUND  --       0 Draws,       5 Flashes
D168: 0.0500 ROUND  --       0 Draws,       5 Flashes
D169: 0.0300 ROUND  --       0 Draws,      20 Flashes
D170: 0.0300 ROUND  --       0 Draws,     153 Flashes
D171: 0.0500 ROUND  --       0 Draws,      75 Flashes
---------------------------------------------------------
 70 D-Codes      -----       0 Draws,    1173 Flashes

*********************************************************

Output file: F:\MUSHTAQ PCB\SAJJAD HUSSAIN\DDL\ICCC-PD-24-PCBR0500\DATA LOGGER-70.SMB

Aperture totals for F:\MUSHTAQ PCB\SAJJAD HUSSAIN\DDL\ICCC-PD-24-PCBR0500\DATA LOGGER-70.SMB:
---------------------------------------------------------
D82:  0.0600 ROUND  --       0 Draws,       1 Flashes
D83:  0.0600 SQUARE --       0 Draws,       2 Flashes
D84:  0.0500 SQUARE --       0 Draws,      94 Flashes
D85:  0.0800 SQUARE --       0 Draws,      26 Flashes
D86:  0.0380 x 0.0320 RECTANGLE -----      10 Flashes
D87:  0.0700 ROUND  --       0 Draws,      21 Flashes
D88:  0.0700 SQUARE --       0 Draws,       6 Flashes
D91:  0.0600 x 0.0800 RECTANGLE -----       2 Flashes
D93:  0.0300 ROUND  --       0 Draws,       9 Flashes
D97:  0.1260 ROUND  --       0 Draws,       8 Flashes
D98:  0.1200 ROUND  --       0 Draws,       1 Flashes
D99:  0.0320 x 0.0380 RECTANGLE -----       4 Flashes
D102: 0.0200 x 0.0500 RECTANGLE -----       6 Flashes
D103: 0.0250 x 0.0940 OBLONG    -----      28 Flashes
D104: 0.0250 x 0.0940 RECTANGLE -----       4 Flashes
D105: 0.0900 x 0.0160 OBLONG    -----      19 Flashes
D106: 0.0900 x 0.0160 RECTANGLE -----       1 Flashes
D107: 0.0250 x 0.0860 OBLONG    -----       7 Flashes
D108: 0.0250 x 0.0860 RECTANGLE -----       1 Flashes
D109: 0.0580 SQUARE --       0 Draws,       1 Flashes
D121: 0.0850 ROUND  --       0 Draws,       7 Flashes
D122: 0.0850 SQUARE --       0 Draws,       3 Flashes
D126: 0.1200 SQUARE --       0 Draws,       1 Flashes
D128: 0.0750 ROUND  --       0 Draws,      43 Flashes
D129: 0.1100 ROUND  --       0 Draws,       2 Flashes
D130: 0.0400 ROUND  --       0 Draws,      11 Flashes
D131: 0.0400 SQUARE --       0 Draws,       3 Flashes
D132: 0.0900 x 0.1600 OBLONG    -----       6 Flashes
D133: 0.1600 x 0.0900 OBLONG    -----       3 Flashes
D134: 0.1500 ROUND  --       0 Draws,       2 Flashes
D136: 0.1600 x 0.1000 OBLONG    -----      18 Flashes
D167: 0.0800 ROUND  --       0 Draws,       5 Flashes
D168: 0.0500 ROUND  --       0 Draws,       5 Flashes
D169: 0.0300 ROUND  --       0 Draws,      20 Flashes
D170: 0.0300 ROUND  --       0 Draws,     153 Flashes
D171: 0.0500 ROUND  --       0 Draws,      75 Flashes
---------------------------------------------------------
 36 D-Codes      -----       0 Draws,     608 Flashes

*********************************************************

Output file: F:\MUSHTAQ PCB\SAJJAD HUSSAIN\DDL\ICCC-PD-24-PCBR0500\DATA LOGGER-70.SPT

Aperture totals for F:\MUSHTAQ PCB\SAJJAD HUSSAIN\DDL\ICCC-PD-24-PCBR0500\DATA LOGGER-70.SPT:
---------------------------------------------------------
D83:  0.0600 SQUARE --       0 Draws,      18 Flashes
D84:  0.0500 SQUARE --       0 Draws,     180 Flashes
D85:  0.0800 SQUARE --       0 Draws,      24 Flashes
D86:  0.0380 x 0.0320 RECTANGLE -----      60 Flashes
D87:  0.0700 ROUND  --       0 Draws,       2 Flashes
D88:  0.0700 SQUARE --       0 Draws,       1 Flashes
D99:  0.0320 x 0.0380 RECTANGLE -----      48 Flashes
D103: 0.0250 x 0.0940 OBLONG    -----       7 Flashes
D104: 0.0250 x 0.0940 RECTANGLE -----       1 Flashes
D116: 0.1400 x 0.0800 RECTANGLE -----       2 Flashes
D117: 0.2000 x 0.4000 RECTANGLE -----       2 Flashes
D118: 0.0800 x 0.1400 RECTANGLE -----       2 Flashes
D119: 0.1500 SQUARE --       0 Draws,       2 Flashes
D120: 0.0520 x 0.0500 RECTANGLE -----       2 Flashes
D121: 0.0850 ROUND  --       0 Draws,       7 Flashes
D123: 0.0900 x 0.1000 RECTANGLE -----       4 Flashes
D124: 0.0750 x 0.1100 RECTANGLE -----       2 Flashes
D125: 0.0300 x 0.0600 RECTANGLE -----       2 Flashes
D127: 0.1200 x 0.0800 RECTANGLE -----       2 Flashes
D128: 0.0750 ROUND  --       0 Draws,      13 Flashes
D129: 0.1100 ROUND  --       0 Draws,       2 Flashes
D130: 0.0400 ROUND  --       0 Draws,       5 Flashes
D131: 0.0400 SQUARE --       0 Draws,       1 Flashes
D135: 0.2300 x 0.1200 RECTANGLE -----       2 Flashes
D137: 0.0900 x 0.0500 RECTANGLE -----      10 Flashes
D138: 0.0900 x 0.1200 RECTANGLE -----       5 Flashes
D139: 0.1000 x 0.0240 OBLONG    -----      20 Flashes
D140: 0.1000 x 0.0240 RECTANGLE -----       2 Flashes
D141: 0.0240 x 0.1000 OBLONG    -----      19 Flashes
D142: 0.0240 x 0.1000 RECTANGLE -----       3 Flashes
D143: 0.1968 x 0.5905 RECTANGLE -----       1 Flashes
D144: 0.0880 x 0.0480 RECTANGLE -----       3 Flashes
D145: 0.0450 x 0.1500 RECTANGLE -----       6 Flashes
D146: 0.4400 x 0.3500 RECTANGLE -----       2 Flashes
D147: 0.0700 x 0.0110 OBLONG    -----      94 Flashes
D148: 0.0700 x 0.0110 RECTANGLE -----      10 Flashes
D149: 0.0110 x 0.0700 OBLONG    -----      93 Flashes
D150: 0.0110 x 0.0700 RECTANGLE -----      11 Flashes
D151: 0.0650 x 0.0160 OBLONG    -----       7 Flashes
D152: 0.0650 x 0.0160 RECTANGLE -----       1 Flashes
D153: 0.0201 x 0.1600 RECTANGLE -----      18 Flashes
D154: 0.1000 x 0.0250 OBLONG    -----      30 Flashes
D155: 0.1000 x 0.0250 RECTANGLE -----       2 Flashes
D156: 0.1400 x 0.0600 RECTANGLE -----       6 Flashes
D157: 0.0500 x 0.0900 RECTANGLE -----       4 Flashes
D158: 0.1200 x 0.0900 RECTANGLE -----       2 Flashes
D159: 0.0940 x 0.0250 OBLONG    -----      21 Flashes
D160: 0.0940 x 0.0250 RECTANGLE -----       3 Flashes
D161: 0.0500 x 0.0150 OBLONG    -----      15 Flashes
D162: 0.0500 x 0.0150 RECTANGLE -----       1 Flashes
D163: 0.0870 x 0.0420 RECTANGLE -----       5 Flashes
D164: 0.3250 x 0.4250 RECTANGLE -----       1 Flashes
D165: 0.0500 x 0.0200 RECTANGLE -----       6 Flashes
D166: 0.0350 x 0.0150 RECTANGLE -----       8 Flashes
D167: 0.0800 ROUND  --       0 Draws,       5 Flashes
---------------------------------------------------------
 55 D-Codes      -----       0 Draws,     805 Flashes

*********************************************************

Output file: F:\MUSHTAQ PCB\SAJJAD HUSSAIN\DDL\ICCC-PD-24-PCBR0500\DATA LOGGER-70.SPB

Aperture totals for F:\MUSHTAQ PCB\SAJJAD HUSSAIN\DDL\ICCC-PD-24-PCBR0500\DATA LOGGER-70.SPB:
---------------------------------------------------------
D83:  0.0600 SQUARE --       0 Draws,       2 Flashes
D84:  0.0500 SQUARE --       0 Draws,      94 Flashes
D85:  0.0800 SQUARE --       0 Draws,      26 Flashes
D86:  0.0380 x 0.0320 RECTANGLE -----      10 Flashes
D87:  0.0700 ROUND  --       0 Draws,       2 Flashes
D88:  0.0700 SQUARE --       0 Draws,       1 Flashes
D91:  0.0600 x 0.0800 RECTANGLE -----       2 Flashes
D99:  0.0320 x 0.0380 RECTANGLE -----       4 Flashes
D102: 0.0200 x 0.0500 RECTANGLE -----       6 Flashes
D103: 0.0250 x 0.0940 OBLONG    -----      28 Flashes
D104: 0.0250 x 0.0940 RECTANGLE -----       4 Flashes
D105: 0.0900 x 0.0160 OBLONG    -----      19 Flashes
D106: 0.0900 x 0.0160 RECTANGLE -----       1 Flashes
D107: 0.0250 x 0.0860 OBLONG    -----       7 Flashes
D108: 0.0250 x 0.0860 RECTANGLE -----       1 Flashes
D121: 0.0850 ROUND  --       0 Draws,       7 Flashes
D128: 0.0750 ROUND  --       0 Draws,      13 Flashes
D129: 0.1100 ROUND  --       0 Draws,       2 Flashes
D130: 0.0400 ROUND  --       0 Draws,       5 Flashes
D131: 0.0400 SQUARE --       0 Draws,       1 Flashes
D167: 0.0800 ROUND  --       0 Draws,       5 Flashes
---------------------------------------------------------
 21 D-Codes      -----       0 Draws,     240 Flashes

*********************************************************

Output file: F:\MUSHTAQ PCB\SAJJAD HUSSAIN\DDL\ICCC-PD-24-PCBR0500\DATA LOGGER-70.SST

Aperture totals for F:\MUSHTAQ PCB\SAJJAD HUSSAIN\DDL\ICCC-PD-24-PCBR0500\DATA LOGGER-70.SST:
---------------------------------------------------------
D76:  0.0200 ROUND  --       3 Draws,       0 Flashes
D79:  0.0100 ROUND  --     220 Draws,       0 Flashes
D87:  0.0700 ROUND  --       0 Draws,       2 Flashes
D88:  0.0700 SQUARE --       0 Draws,       1 Flashes
D112: 0.0060 ROUND  --    4583 Draws,       0 Flashes
D113: 0.0080 ROUND  --     459 Draws,       0 Flashes
D121: 0.0850 ROUND  --       0 Draws,       7 Flashes
D128: 0.0750 ROUND  --       0 Draws,      13 Flashes
D129: 0.1100 ROUND  --       0 Draws,       2 Flashes
D130: 0.0400 ROUND  --       0 Draws,       5 Flashes
D131: 0.0400 SQUARE --       0 Draws,       1 Flashes
D167: 0.0800 ROUND  --       0 Draws,       5 Flashes
D172: 0.0050 ROUND  --     259 Draws,       0 Flashes
D173: 0.0040 ROUND  --     871 Draws,       0 Flashes
D174: 0.0010 ROUND  --      10 Draws,       0 Flashes
---------------------------------------------------------
 15 D-Codes      -----    6405 Draws,      36 Flashes

*********************************************************

Output file: F:\MUSHTAQ PCB\SAJJAD HUSSAIN\DDL\ICCC-PD-24-PCBR0500\DATA LOGGER-70.SSB

Aperture totals for F:\MUSHTAQ PCB\SAJJAD HUSSAIN\DDL\ICCC-PD-24-PCBR0500\DATA LOGGER-70.SSB:
---------------------------------------------------------
D79:  0.0100 ROUND  --       5 Draws,       0 Flashes
D87:  0.0700 ROUND  --       0 Draws,       2 Flashes
D88:  0.0700 SQUARE --       0 Draws,       1 Flashes
D112: 0.0060 ROUND  --    1703 Draws,       0 Flashes
D113: 0.0080 ROUND  --      87 Draws,       0 Flashes
D121: 0.0850 ROUND  --       0 Draws,       7 Flashes
D128: 0.0750 ROUND  --       0 Draws,      13 Flashes
D129: 0.1100 ROUND  --       0 Draws,       2 Flashes
D130: 0.0400 ROUND  --       0 Draws,       5 Flashes
D131: 0.0400 SQUARE --       0 Draws,       1 Flashes
D167: 0.0800 ROUND  --       0 Draws,       5 Flashes
D172: 0.0050 ROUND  --      28 Draws,       0 Flashes
D173: 0.0040 ROUND  --      47 Draws,       0 Flashes
---------------------------------------------------------
 13 D-Codes      -----    1870 Draws,      36 Flashes

*********************************************************

Output file: F:\MUSHTAQ PCB\SAJJAD HUSSAIN\DDL\ICCC-PD-24-PCBR0500\DATA LOGGER-70.FAB

Aperture totals for F:\MUSHTAQ PCB\SAJJAD HUSSAIN\DDL\ICCC-PD-24-PCBR0500\DATA LOGGER-70.FAB:
---------------------------------------------------------
D79:  0.0100 ROUND  --       5 Draws,       0 Flashes
D81:  0.0400 ROUND  --       0 Draws,      70 Flashes
D114: 0.0400 ROUND  --       0 Draws,      10 Flashes
---------------------------------------------------------
  3 D-Codes      -----       5 Draws,      80 Flashes


*********************************************************

Aperture totals for entire project:
---------------------------------------------------------
D10:  0.0600 ROUND  --       0 Draws,      69 Flashes
D11:  0.0600 SQUARE --       0 Draws,      36 Flashes
D12:  0.0320 x 0.0380 RECTANGLE -----      48 Flashes
D13:  0.0500 SQUARE --       0 Draws,     180 Flashes
D14:  0.0380 x 0.0320 RECTANGLE -----      60 Flashes
D15:  0.0800 SQUARE --       0 Draws,      12 Flashes
D16:  0.1400 x 0.0800 RECTANGLE -----       2 Flashes
D17:  0.2000 x 0.4000 RECTANGLE -----       2 Flashes
D18:  0.0800 x 0.1400 RECTANGLE -----       2 Flashes
D19:  0.1500 SQUARE --       0 Draws,       2 Flashes
D20:  0.0520 x 0.0500 RECTANGLE -----       2 Flashes
D21:  0.0700 ROUND  --       0 Draws,       7 Flashes
D22:  0.0700 SQUARE --       0 Draws,       3 Flashes
D23:  0.0900 x 0.1000 RECTANGLE -----       4 Flashes
D24:  0.0750 x 0.1100 RECTANGLE -----       2 Flashes
D25:  0.0300 x 0.0600 RECTANGLE -----       2 Flashes
D26:  0.1000 ROUND  --       0 Draws,       1 Flashes
D27:  0.1000 SQUARE --       0 Draws,       1 Flashes
D28:  0.1200 x 0.0800 RECTANGLE -----       2 Flashes
D29:  0.0900 ROUND  --       0 Draws,       2 Flashes
D30:  0.0300 ROUND  --       0 Draws,      11 Flashes
D31:  0.0300 SQUARE --       0 Draws,       3 Flashes
D32:  0.0800 x 0.1500 OBLONG    -----       6 Flashes
D33:  0.1500 x 0.0800 OBLONG    -----       3 Flashes
D34:  0.1260 ROUND  --       0 Draws,       8 Flashes
D35:  0.1200 ROUND  --       0 Draws,       2 Flashes
D36:  0.2300 x 0.1200 RECTANGLE -----       2 Flashes
D37:  0.1500 x 0.0900 OBLONG    -----      18 Flashes
D38:  0.0550 ROUND  --       0 Draws,       1 Flashes
D39:  0.0900 x 0.0500 RECTANGLE -----      10 Flashes
D40:  0.0900 x 0.1200 RECTANGLE -----       5 Flashes
D41:  0.0500 x 0.0900 RECTANGLE -----       6 Flashes
D42:  0.1000 x 0.0240 OBLONG    -----      20 Flashes
D43:  0.1000 x 0.0240 RECTANGLE -----       2 Flashes
D44:  0.0240 x 0.1000 OBLONG    -----      19 Flashes
D45:  0.0240 x 0.1000 RECTANGLE -----       3 Flashes
D46:  0.1968 x 0.5905 RECTANGLE -----       1 Flashes
D47:  0.0880 x 0.0480 RECTANGLE -----       3 Flashes
D48:  0.0450 x 0.1500 RECTANGLE -----       6 Flashes
D49:  0.4400 x 0.3500 RECTANGLE -----       2 Flashes
D50:  0.0700 x 0.0110 OBLONG    -----      94 Flashes
D51:  0.0700 x 0.0110 RECTANGLE -----      10 Flashes
D52:  0.0110 x 0.0700 OBLONG    -----      93 Flashes
D53:  0.0110 x 0.0700 RECTANGLE -----      11 Flashes
D54:  0.0650 x 0.0160 OBLONG    -----       7 Flashes
D55:  0.0650 x 0.0160 RECTANGLE -----       1 Flashes
D56:  0.0201 x 0.1600 RECTANGLE -----      18 Flashes
D57:  0.1000 x 0.0250 OBLONG    -----      30 Flashes
D58:  0.1000 x 0.0250 RECTANGLE -----       2 Flashes
D59:  0.1400 x 0.0600 RECTANGLE -----       6 Flashes
D60:  0.1200 x 0.0900 RECTANGLE -----       2 Flashes
D61:  0.0940 x 0.0250 OBLONG    -----      21 Flashes
D62:  0.0940 x 0.0250 RECTANGLE -----       3 Flashes
D63:  0.0500 x 0.0150 OBLONG    -----      15 Flashes
D64:  0.0500 x 0.0150 RECTANGLE -----       1 Flashes
D65:  0.0870 x 0.0420 RECTANGLE -----       5 Flashes
D66:  0.3250 x 0.4250 RECTANGLE -----       1 Flashes
D67:  0.0250 x 0.0940 OBLONG    -----       7 Flashes
D68:  0.0250 x 0.0940 RECTANGLE -----       1 Flashes
D69:  0.0500 x 0.0200 RECTANGLE -----       6 Flashes
D70:  0.0350 x 0.0150 RECTANGLE -----       8 Flashes
D71:  0.0580 SQUARE --       0 Draws,       1 Flashes
D72:  0.0250 ROUND  --       0 Draws,       9 Flashes
D73:  0.0120 ROUND  --    1737 Draws,       0 Flashes
D74:  0.0400 ROUND  --       0 Draws,     158 Flashes
D75:  0.0300 ROUND  --     316 Draws,       0 Flashes
D76:  0.0200 ROUND  --     326 Draws,       0 Flashes
D77:  0.0150 ROUND  --    1318 Draws,       0 Flashes
D78:  0.0250 ROUND  --       0 Draws,     341 Flashes
D79:  0.0100 ROUND  --   23568 Draws,       0 Flashes
D80:  0.0500 ROUND  --      94 Draws,       0 Flashes
D81:  0.0400 ROUND  --       0 Draws,     212 Flashes
D82:  0.0600 ROUND  --       0 Draws,     149 Flashes
D83:  0.0600 SQUARE --       0 Draws,     156 Flashes
D84:  0.0500 SQUARE --       0 Draws,     642 Flashes
D85:  0.0800 SQUARE --       0 Draws,     114 Flashes
D86:  0.0380 x 0.0320 RECTANGLE -----     150 Flashes
D87:  0.0700 ROUND  --       0 Draws,      71 Flashes
D88:  0.0700 SQUARE --       0 Draws,      25 Flashes
D89:  0.1000 ROUND  --       0 Draws,       3 Flashes
D90:  0.1000 SQUARE --       0 Draws,       3 Flashes
D91:  0.0600 x 0.0800 RECTANGLE -----       6 Flashes
D92:  0.0900 ROUND  --       0 Draws,       6 Flashes
D93:  0.0300 ROUND  --       0 Draws,      51 Flashes
D94:  0.0300 SQUARE --       0 Draws,       9 Flashes
D95:  0.0800 x 0.1500 OBLONG    -----      18 Flashes
D96:  0.1500 x 0.0800 OBLONG    -----       3 Flashes
D97:  0.1260 ROUND  --       0 Draws,      40 Flashes
D98:  0.1200 ROUND  --       0 Draws,       8 Flashes
D99:  0.0320 x 0.0380 RECTANGLE -----     108 Flashes
D100: 0.1500 x 0.0900 OBLONG    -----      60 Flashes
D101: 0.0550 ROUND  --       0 Draws,       3 Flashes
D102: 0.0200 x 0.0500 RECTANGLE -----      18 Flashes
D103: 0.0250 x 0.0940 OBLONG    -----      98 Flashes
D104: 0.0250 x 0.0940 RECTANGLE -----      14 Flashes
D105: 0.0900 x 0.0160 OBLONG    -----      57 Flashes
D106: 0.0900 x 0.0160 RECTANGLE -----       3 Flashes
D107: 0.0250 x 0.0860 OBLONG    -----      21 Flashes
D108: 0.0250 x 0.0860 RECTANGLE -----       3 Flashes
D109: 0.0580 SQUARE --       0 Draws,       5 Flashes
D110: 0.0250 ROUND  --       0 Draws,      27 Flashes
D111: 0.0250 ROUND  --       0 Draws,     299 Flashes
D112: 0.0060 ROUND  --    6320 Draws,       0 Flashes
D113: 0.0080 ROUND  --     600 Draws,       0 Flashes
D114: 0.0400 ROUND  --       0 Draws,      30 Flashes
D115: 0.0250 ROUND  --       0 Draws,      52 Flashes
D116: 0.1400 x 0.0800 RECTANGLE -----       4 Flashes
D117: 0.2000 x 0.4000 RECTANGLE -----       4 Flashes
D118: 0.0800 x 0.1400 RECTANGLE -----       4 Flashes
D119: 0.1500 SQUARE --       0 Draws,       4 Flashes
D120: 0.0520 x 0.0500 RECTANGLE -----       4 Flashes
D121: 0.0850 ROUND  --       0 Draws,      42 Flashes
D122: 0.0850 SQUARE --       0 Draws,       6 Flashes
D123: 0.0900 x 0.1000 RECTANGLE -----       8 Flashes
D124: 0.0750 x 0.1100 RECTANGLE -----       4 Flashes
D125: 0.0300 x 0.0600 RECTANGLE -----       4 Flashes
D126: 0.1200 SQUARE --       0 Draws,       2 Flashes
D127: 0.1200 x 0.0800 RECTANGLE -----       4 Flashes
D128: 0.0750 ROUND  --       0 Draws,     138 Flashes
D129: 0.1100 ROUND  --       0 Draws,      12 Flashes
D130: 0.0400 ROUND  --       0 Draws,      42 Flashes
D131: 0.0400 SQUARE --       0 Draws,      10 Flashes
D132: 0.0900 x 0.1600 OBLONG    -----      12 Flashes
D133: 0.1600 x 0.0900 OBLONG    -----       6 Flashes
D134: 0.1500 ROUND  --       0 Draws,       4 Flashes
D135: 0.2300 x 0.1200 RECTANGLE -----       4 Flashes
D136: 0.1600 x 0.1000 OBLONG    -----      36 Flashes
D137: 0.0900 x 0.0500 RECTANGLE -----      20 Flashes
D138: 0.0900 x 0.1200 RECTANGLE -----      10 Flashes
D139: 0.1000 x 0.0240 OBLONG    -----      40 Flashes
D140: 0.1000 x 0.0240 RECTANGLE -----       4 Flashes
D141: 0.0240 x 0.1000 OBLONG    -----      38 Flashes
D142: 0.0240 x 0.1000 RECTANGLE -----       6 Flashes
D143: 0.1968 x 0.5905 RECTANGLE -----       2 Flashes
D144: 0.0880 x 0.0480 RECTANGLE -----       6 Flashes
D145: 0.0450 x 0.1500 RECTANGLE -----      12 Flashes
D146: 0.4400 x 0.3500 RECTANGLE -----       4 Flashes
D147: 0.0700 x 0.0110 OBLONG    -----     188 Flashes
D148: 0.0700 x 0.0110 RECTANGLE -----      20 Flashes
D149: 0.0110 x 0.0700 OBLONG    -----     186 Flashes
D150: 0.0110 x 0.0700 RECTANGLE -----      22 Flashes
D151: 0.0650 x 0.0160 OBLONG    -----      14 Flashes
D152: 0.0650 x 0.0160 RECTANGLE -----       2 Flashes
D153: 0.0201 x 0.1600 RECTANGLE -----      36 Flashes
D154: 0.1000 x 0.0250 OBLONG    -----      60 Flashes
D155: 0.1000 x 0.0250 RECTANGLE -----       4 Flashes
D156: 0.1400 x 0.0600 RECTANGLE -----      12 Flashes
D157: 0.0500 x 0.0900 RECTANGLE -----       8 Flashes
D158: 0.1200 x 0.0900 RECTANGLE -----       4 Flashes
D159: 0.0940 x 0.0250 OBLONG    -----      42 Flashes
D160: 0.0940 x 0.0250 RECTANGLE -----       6 Flashes
D161: 0.0500 x 0.0150 OBLONG    -----      30 Flashes
D162: 0.0500 x 0.0150 RECTANGLE -----       2 Flashes
D163: 0.0870 x 0.0420 RECTANGLE -----      10 Flashes
D164: 0.3250 x 0.4250 RECTANGLE -----       2 Flashes
D165: 0.0500 x 0.0200 RECTANGLE -----      12 Flashes
D166: 0.0350 x 0.0150 RECTANGLE -----      16 Flashes
D167: 0.0800 ROUND  --       0 Draws,      30 Flashes
D168: 0.0500 ROUND  --       0 Draws,      10 Flashes
D169: 0.0300 ROUND  --       0 Draws,      40 Flashes
D170: 0.0300 ROUND  --       0 Draws,     306 Flashes
D171: 0.0500 ROUND  --       0 Draws,     150 Flashes
D172: 0.0050 ROUND  --     287 Draws,       0 Flashes
D173: 0.0040 ROUND  --     918 Draws,       0 Flashes
D174: 0.0010 ROUND  --      10 Draws,       0 Flashes
---------------------------------------------------------
165 D-Codes      -----   35494 Draws,    5593 Flashes


No warnings or errors.
