AutoECO Report
FILE-A: F:\MUSHTAQ PCB\SAJJAD HUSSAIN\DDL\ICCC-PD-24-PCBR0400\DATA LOGGER-61.MAX
FILE-B: F:\MUSHTAQ PCB\SAJJAD HUSSAIN\DDL\ICCC-PD-24-PCBR0400\DATA LOGGER.MNL
If "*EOF*" immediately follows, no changes were made
Adding footprint DIP14
Adding package CRYSTAL1-4/SM_1
Component C43 -- overriding attributes
Component C19 -- overriding attributes
Component U7 -- overriding attributes
Component R79 -- overriding attributes
Component R21 -- overriding attributes
Component C59 -- overriding attributes
Component C14 -- overriding attributes
Component C27 -- overriding attributes
Component C28 -- overriding attributes
Component R138 -- overriding attributes
Component BT1 -- overriding attributes
Component U22 -- overriding attributes
Component R101 -- overriding attributes
Component U26 -- overriding attributes
Component R110 -- overriding attributes
Component C75 -- overriding attributes
Component R70 -- overriding attributes
Component R25 -- overriding attributes
Component C13 -- overriding attributes
Component R139 -- overriding attributes
Component C40 -- overriding attributes
Component C87 -- overriding attributes
Component J7 -- overriding attributes
Component U16 -- overriding attributes
Component C37 -- overriding attributes
Component R19 -- overriding attributes
Component R99 -- overriding attributes
Component R88 -- overriding attributes
Component R64 -- overriding attributes
Component R118 -- overriding attributes
Component R121 -- overriding attributes
Component R29 -- overriding attributes
Component U11 -- overriding attributes
Component C15 -- overriding attributes
Component U21 -- overriding attributes
Component C82 -- overriding attributes
Component R93 -- overriding attributes
Component U31 -- overriding attributes
Component C38 -- overriding attributes
Component C26 -- overriding attributes
Component J3 -- overriding attributes
Component C1 -- overriding attributes
Component R13 -- overriding attributes
Component C91 -- overriding attributes
Component C6 -- overriding attributes
Component L1 -- overriding attributes
Component R55 -- overriding attributes
Component C50 -- overriding attributes
Component C65 -- overriding attributes
Component R57 -- overriding attributes
Component R59 -- overriding attributes
Component R105 -- overriding attributes
Component C36 -- overriding attributes
Component R3 -- overriding attributes
Component R123 -- overriding attributes
Component U5 -- overriding attributes
Component R42 -- overriding attributes
Component C67 -- overriding attributes
Component R97 -- overriding attributes
Component R16 -- overriding attributes
Component R60 -- overriding attributes
Component R75 -- overriding attributes
Component R94 -- overriding attributes
Component R51 -- overriding attributes
Component R9 -- overriding attributes
Component R10 -- overriding attributes
Component C64 -- overriding attributes
Component U4 -- overriding attributes
Component R26 -- overriding attributes
Component C97 -- overriding attributes
Component C35 -- overriding attributes
Component F1 -- overriding attributes
Component C80 -- overriding attributes
Component R67 -- overriding attributes
Component U25 -- overriding attributes
Component R2 -- overriding attributes
Component C81 -- overriding attributes
Component D7 -- overriding attributes
Component C55 -- overriding attributes
Component U36 -- overriding attributes
Component U15 -- overriding attributes
Component C74 -- overriding attributes
Component CR1 -- overriding attributes
Component R58 -- overriding attributes
Component R41 -- overriding attributes
Component R86 -- overriding attributes
Component Y2 -- overriding attributes
Component C71 -- overriding attributes
Component C7 -- overriding attributes
Component R119 -- overriding attributes
Component C95 -- overriding attributes
Component U24 -- overriding attributes
Component C86 -- overriding attributes
Component R87 -- overriding attributes
Component R34 -- overriding attributes
Component C60 -- overriding attributes
Component R53 -- overriding attributes
Component R46 -- overriding attributes
Component JTAG1 -- overriding attributes
Component C94 -- overriding attributes
Component R120 -- overriding attributes
Component C76 -- overriding attributes
Component C45 -- overriding attributes
Component C96 -- overriding attributes
Component U27 -- overriding attributes
Component R141 -- overriding attributes
Component U12 -- overriding attributes
Component R39 -- overriding attributes
Component R37 -- overriding attributes
Component C66 -- overriding attributes
Component R7 -- overriding attributes
Component L2 -- overriding attributes
Component U20 -- overriding attributes
Component R62 -- overriding attributes
Component R24 -- overriding attributes
Component R8 -- overriding attributes
Component R126 -- overriding attributes
Component C78 -- overriding attributes
Component D1 -- overriding attributes
Component R72 -- overriding attributes
Component C101 -- overriding attributes
Component J6 -- overriding attributes
Component C93 -- overriding attributes
Component R91 -- overriding attributes
Component U14 -- overriding attributes
Component R12 -- overriding attributes
Component U2 -- overriding attributes
Component R66 -- overriding attributes
Component R18 -- overriding attributes
Component U29 -- overriding attributes
Component C51 -- overriding attributes
Component U9 -- overriding attributes
Component R54 -- overriding attributes
Component U23 -- overriding attributes
Component R35 -- overriding attributes
Component C70 -- overriding attributes
Component R103 -- overriding attributes
Component D2 -- overriding attributes
Component C39 -- overriding attributes
Component C89 -- overriding attributes
Component R92 -- overriding attributes
Component C61 -- overriding attributes
Component U6 -- overriding attributes
Component R107 -- overriding attributes
Component R27 -- overriding attributes
Component C84 -- overriding attributes
Component R30 -- overriding attributes
Component C58 -- overriding attributes
Component C90 -- overriding attributes
Component R50 -- overriding attributes
Component R52 -- overriding attributes
Component SW1 -- overriding attributes
Component C85 -- overriding attributes
Component R122 -- overriding attributes
Component U18 -- overriding attributes
Component R40 -- overriding attributes
Component R90 -- overriding attributes
Component R49 -- overriding attributes
Component C62 -- overriding attributes
Component C21 -- overriding attributes
Component R14 -- overriding attributes
Component J2 -- overriding attributes
Component U32 -- overriding attributes
Component C92 -- overriding attributes
Component R100 -- overriding attributes
Component D5 -- overriding attributes
Component C11 -- overriding attributes
Component C77 -- overriding attributes
Component R48 -- overriding attributes
Component C57 -- overriding attributes
Component U3 -- overriding attributes
Component R125 -- overriding attributes
Component R81 -- overriding attributes
Component U10 -- overriding attributes
Component R15 -- overriding attributes
Component R113 -- overriding attributes
Component R114 -- overriding attributes
Component R44 -- overriding attributes
Component C88 -- overriding attributes
Component R89 -- overriding attributes
Component C72 -- overriding attributes
Component J5 -- overriding attributes
Component R102 -- overriding attributes
Component R82 -- overriding attributes
Component U30 -- overriding attributes
Component C98 -- overriding attributes
Component VAR1 -- overriding attributes
Component R76 -- overriding attributes
Component C16 -- overriding attributes
Component C8 -- overriding attributes
Component R36 -- overriding attributes
Component C20 -- overriding attributes
Component C83 -- overriding attributes
Component C52 -- overriding attributes
Component C63 -- overriding attributes
Component R85 -- overriding attributes
Component R104 -- overriding attributes
Component R95 -- overriding attributes
Component U34 -- overriding attributes
Component C25 -- overriding attributes
Component C10 -- overriding attributes
Component C30 -- overriding attributes
Component U33 -- overriding attributes
Component R61 -- overriding attributes
Component R47 -- overriding attributes
Component R11 -- overriding attributes
Component Q1 -- overriding attributes
Component R65 -- overriding attributes
Component C42 -- overriding attributes
Component R22 -- overriding attributes
Component C99 -- overriding attributes
Component R117 -- overriding attributes
Component R68 -- overriding attributes
Component R69 -- overriding attributes
Component U13 -- overriding attributes
Component C32 -- overriding attributes
Component R28 -- overriding attributes
Component R84 -- overriding attributes
Component R38 -- overriding attributes
Component R1 -- overriding attributes
Component C34 -- overriding attributes
Component D4 -- overriding attributes
Component C29 -- overriding attributes
Component R6 -- overriding attributes
Component C53 -- overriding attributes
Component J4 -- overriding attributes
Component R116 -- overriding attributes
Component C17 -- overriding attributes
Component R20 -- overriding attributes
Component U19 -- overriding attributes
Component C3 -- overriding attributes
Component C9 -- overriding attributes
Component D6 -- overriding attributes
Component R4 -- overriding attributes
Component R108 -- overriding attributes
Component R83 -- overriding attributes
Component R23 -- overriding attributes
Component C18 -- overriding attributes
Component R17 -- overriding attributes
Component R115 -- overriding attributes
Component J1 -- overriding attributes
Component R77 -- overriding attributes
Component C2 -- overriding attributes
Component R56 -- overriding attributes
Component C4 -- overriding attributes
Component C33 -- overriding attributes
Component D8 -- overriding attributes
Component U35 -- overriding attributes
Component R112 -- overriding attributes
Component R98 -- overriding attributes
Component R33 -- overriding attributes
Component D3 -- overriding attributes
Component R80 -- overriding attributes
Component R124 -- overriding attributes
Component C79 -- overriding attributes
Component C69 -- overriding attributes
Component C41 -- overriding attributes
Component U1 -- overriding attributes
Component R31 -- overriding attributes
Component J8 -- overriding attributes
Component R43 -- overriding attributes
Component R74 -- overriding attributes
Component C206 -- overriding attributes
Component R45 -- overriding attributes
Component R32 -- overriding attributes
Component Y1 -- overriding attributes
Component U17 -- overriding attributes
Component R71 -- overriding attributes
Component R63 -- overriding attributes
Component C44 -- overriding attributes
Component R78 -- overriding attributes
Component C54 -- overriding attributes
Component R5 -- overriding attributes
Component C68 -- overriding attributes
Component R73 -- overriding attributes
Component C46 -- overriding attributes
Component C31 -- overriding attributes
Component U37 -- overriding attributes
Component C100 -- overriding attributes
Component R109 -- overriding attributes
Component R96 -- overriding attributes
Component C48 -- overriding attributes
Component R111 -- overriding attributes
Component C47 -- overriding attributes
Component C73 -- overriding attributes
Component C24 -- overriding attributes
Component C207 -- overriding attributes
Component C5 -- overriding attributes
Component U8 -- overriding attributes
Component C23 -- overriding attributes
Component C49 -- overriding attributes
Component R106 -- overriding attributes
Component C22 -- overriding attributes
Component C12 -- overriding attributes
Component R140 -- overriding attributes
Component U28 -- overriding attributes
Component C56 -- overriding attributes
Net N18311445 -- overriding attributes
Net N18310173 -- overriding attributes
Net N2003288636 -- overriding attributes
Net N177223870 -- overriding attributes
Net N196330798 -- overriding attributes
Net N2003288634 -- overriding attributes
Net N196330796 -- overriding attributes
Net N196330794 -- overriding attributes
Net VCCINT -- overriding attributes
Net N196330792 -- overriding attributes
Net BAT -- overriding attributes
Net TMS -- overriding attributes
Net N20032886133 -- overriding attributes
Net N196330790 -- overriding attributes
Net PRD4 -- overriding attributes
Net N20032886126 -- overriding attributes
Net RIMP0 -- overriding attributes
Net RCS1 -- overriding attributes
Net PRB2 -- overriding attributes
Net PRB0 -- overriding attributes
Net FPGA_CCLK -- overriding attributes
Net TDI_FPGA -- overriding attributes
Net PRD5 -- overriding attributes
Net PRD7 -- overriding attributes
Net PRB1 -- overriding attributes
Net PRB3 -- overriding attributes
Net PRD6 -- overriding attributes
Net INIT_B -- overriding attributes
Net N200438943 -- overriding attributes
Net CLKIN -- overriding attributes
Net RCS0 -- overriding attributes
Net N200438942 -- overriding attributes
Net RIMP1 -- overriding attributes
Net N200438945 -- overriding attributes
Net N18297340 -- overriding attributes
Net FCLK -- overriding attributes
Net FPGA_DONE -- overriding attributes
Net FPGA_D0 -- overriding attributes
Net N20047680 -- overriding attributes
Net ASDI -- overriding attributes
Net ASCK -- overriding attributes
Net TDI -- overriding attributes
Net ARDY -- overriding attributes
Net N20032886108 -- overriding attributes
Net VDD-IN -- overriding attributes
Net TCK -- overriding attributes
Net PROG_B -- overriding attributes
Net ASDO -- overriding attributes
Net ASYNC -- overriding attributes
Net N20032886110 -- overriding attributes
Net N21077089 -- overriding attributes
Net VCCO -- overriding attributes
Net N20032886112 -- overriding attributes
Net N20032886114 -- overriding attributes
Net N20032886119 -- overriding attributes
Net N20032886121 -- overriding attributes
Net TDO -- overriding attributes
Net N20032886124 -- overriding attributes
Net N2003288699 -- overriding attributes
Net RLY1B -- overriding attributes
Net RLY1A -- overriding attributes
Net RLY2A -- overriding attributes
Net RLY2B -- overriding attributes
Net N21423414 -- overriding attributes
Net N21424256 -- overriding attributes
Net N21425948 -- overriding attributes
Net N19943035 -- overriding attributes
Net N21427367 -- overriding attributes
Net N19692557 -- overriding attributes
Net N19692558 -- overriding attributes
Net RIGHT -- overriding attributes
Net N20032886181 -- overriding attributes
Net DOWN -- overriding attributes
Net N19692559 -- overriding attributes
Net DB6 -- overriding attributes
Net VO -- overriding attributes
Net DB5 -- overriding attributes
Net N21435213 -- overriding attributes
Net LEFT -- overriding attributes
Net N21435823 -- overriding attributes
Net N19964501 -- overriding attributes
Net N21434602 -- overriding attributes
Net N19957068 -- overriding attributes
Net N21438796 -- overriding attributes
Net OK -- overriding attributes
Net N19954829 -- overriding attributes
Net EN1 -- overriding attributes
Net N19933082 -- overriding attributes
Net N19924730 -- overriding attributes
Net UP -- overriding attributes
Net N200328862 -- overriding attributes
Net N19920556 -- overriding attributes
Net DB7 -- overriding attributes
Net DB4 -- overriding attributes
Net BKL -- overriding attributes
Net N21222347 -- overriding attributes
Net RS -- overriding attributes
Net N200328864 -- overriding attributes
Net A -- overriding attributes
Net N20860967 -- overriding attributes
Net N200328866 -- overriding attributes
Net N19692560 -- overriding attributes
Net EN2 -- overriding attributes
Net N181705982 -- overriding attributes
Net N20862869 -- overriding attributes
Net GND -- overriding attributes
Net N21477656 -- overriding attributes
Net VDD -- overriding attributes
Net N20863941 -- overriding attributes
Net N200328868 -- overriding attributes
Net N21477654 -- overriding attributes
Net N17712854 -- overriding attributes
Net N18075676 -- overriding attributes
Net N20032886151 -- overriding attributes
Net N21477640 -- overriding attributes
Net SW1_1 -- overriding attributes
Net N20032886149 -- overriding attributes
Net N17712950 -- overriding attributes
Net N2003288613 -- overriding attributes
Net N18075694 -- overriding attributes
Net SW1_2 -- overriding attributes
Net N21484664 -- overriding attributes
Net BATTERY -- overriding attributes
Net OSC2 -- overriding attributes
Net N18075724 -- overriding attributes
Net N17718772 -- overriding attributes
Net N20033178 -- overriding attributes
Net VDD_21013566 -- overriding attributes
Net 24V -- overriding attributes
Net N17713123 -- overriding attributes
Net N18067986 -- overriding attributes
Net N17712868 -- overriding attributes
Net N17712763 -- overriding attributes
Net N20033109 -- overriding attributes
Net N17712964 -- overriding attributes
Net N18875971 -- overriding attributes
Net N18075656 -- overriding attributes
Net N17712724 -- overriding attributes
Net N21293226 -- overriding attributes
Net N18878731 -- overriding attributes
Net N21293225 -- overriding attributes
Net N20032984 -- overriding attributes
Net N180758310 -- overriding attributes
Net N21293224 -- overriding attributes
Net N177130080 -- overriding attributes
Net N2003288632 -- overriding attributes
Net N21293223 -- overriding attributes
Net N17722518 -- overriding attributes
Net N18126713 -- overriding attributes
Net N17722435 -- overriding attributes
Net ECS2 -- overriding attributes
Net ECLK0 -- overriding attributes
Net ESDO0 -- overriding attributes
Net 2.5VA -- overriding attributes
Net N2003288661 -- overriding attributes
Net ESDI0 -- overriding attributes
Net N19467495 -- overriding attributes
Net N2003288660 -- overriding attributes
Net PSEL1 -- overriding attributes
Net ESDO1 -- overriding attributes
Net +5VA -- overriding attributes
Net N2003288659 -- overriding attributes
Net N2003288630 -- overriding attributes
Net ECS3 -- overriding attributes
Net PCLK -- overriding attributes
Net N17712974 -- overriding attributes
Net PSDI -- overriding attributes
Net N18311453 -- overriding attributes
Net PSCK -- overriding attributes
Net N2003288628 -- overriding attributes
Net PSEL2 -- overriding attributes
Net N18126378 -- overriding attributes
Net ECS0 -- overriding attributes
Net N18273826 -- overriding attributes
Net PSDO -- overriding attributes
Net N17722458 -- overriding attributes
Net ECS1 -- overriding attributes
Net N2003288626 -- overriding attributes
Net PSEL0 -- overriding attributes
Net PRX -- overriding attributes
Net PTX -- overriding attributes
Net 4MA -- overriding attributes
Net N18126782 -- overriding attributes
Net N2003288623 -- overriding attributes
Net 3.3VA -- overriding attributes
Net N17722524 -- overriding attributes
Net N2003288621 -- overriding attributes
Net ACLK -- overriding attributes
Net N20567775 -- overriding attributes
Net N18314346 -- overriding attributes
Net N18257982 -- overriding attributes
Net N2003288619 -- overriding attributes
Net N18126743 -- overriding attributes
Net N20032886145 -- overriding attributes
Net N17722379 -- overriding attributes
Net N18113851 -- overriding attributes
Net N20032886141 -- overriding attributes
Net N18257956 -- overriding attributes
Net N2003288617 -- overriding attributes
Net N20032886139 -- overriding attributes
Net N2003288615 -- overriding attributes
Net -5VA -- overriding attributes
Net N202817950 -- overriding attributes
Net ESDI1 -- overriding attributes
Net N18312302 -- overriding attributes
Net N20032886137 -- overriding attributes
Net N18126723 -- overriding attributes
Net ECLK1 -- overriding attributes
Net ESDI3 -- overriding attributes
Net N17722437 -- overriding attributes
Net N18126388 -- overriding attributes
Net ECLK2 -- overriding attributes
Net N18310171 -- overriding attributes
Net ECLK3 -- overriding attributes
Net ESDO3 -- overriding attributes
Net N17722610 -- overriding attributes
Net N20032886135 -- overriding attributes
Net ESDI2 -- overriding attributes
Net MCLR -- overriding attributes
Net N17722540 -- overriding attributes
Net PGC -- overriding attributes
Net N17722560 -- overriding attributes
Net PGD -- overriding attributes
Net ESDO2 -- overriding attributes
Net N2003288648 -- overriding attributes
Net GND_SIGNAL -- overriding attributes
Net N18310169 -- overriding attributes
Net ACS -- overriding attributes
Net N2003288646 -- overriding attributes
Net N19464531 -- overriding attributes
Net N21013605 -- overriding attributes
Net N17722450 -- overriding attributes
Net N2003288644 -- overriding attributes
Net N18258000 -- overriding attributes
Net N210136013 -- overriding attributes
Net N210136012 -- overriding attributes
Net 2.5V REF -- overriding attributes
Net N210136011 -- overriding attributes
Net N2003288642 -- overriding attributes
Net N210136014 -- overriding attributes
Net S2 -- overriding attributes
Net N18311447 -- overriding attributes
Net D2 -- overriding attributes
Net N18928244 -- overriding attributes
Net N2003288640 -- overriding attributes
Adding U5.4 to net UTX
Adding U5.3 to net URX
Adding U7.123 to net N20033114
Adding U7.77 to net N20032982
Adding U7.67 to net N20032954
Adding U7.120 to net N20032665
Adding U7.125 to net N20033021
Adding U7.126 to net N20033019
Adding U7.112 to net N20033092
Adding U7.132 to net N20033229
Adding U7.113 to net N20033087
Adding U7.74 to net N20032938
Adding U7.42 to net N20032969
Adding R139.1 to net N21477644
Adding Y2.7 to net VDD
Adding Y2.14 to net GND
Adding U7.140 to net N20131606
Adding U7.133 to net N20791316
Adding U3.15 to net N20087637
Adding Y2.8 to net CLKIN
Adding Y2.11 to net CLKIN
Adding U3.14 to net N20087631
Adding R20.2 to net PRB4
Adding C8.1 to net N20652278
*EOF*
No errors found
