AutoECO Report
FILE-A: F:\MUSHTAQ PCB\SAJJAD HUSSAIN\DDL\ICCC-PD-24-PCBR0400\DATA LOGGER-65.MAX
FILE-B: F:\MUSHTAQ PCB\SAJJAD HUSSAIN\DDL\ICCC-PD-24-PCBR0400\DATA LOGGER.MNL
If "*EOF*" immediately follows, no changes were made
Deleting R104.2 from net 4MA
Adding U16.3 to net 4MA
Deleting R100.2 from net D2
Adding U15.4 to net D2
Deleting R103.2 from net N17722379
Adding U16.4 to net N17722379
Deleting R105.2 from net S2
Adding U15.3 to net S2
Adding C8.1 to net N20652278
Adding R20.2 to net PRB4
Adding U3.14 to net N20087631
Adding U3.15 to net N20087637
Adding U7.133 to net N20791316
Adding U7.140 to net N20131606
Adding R139.1 to net N21477644
Adding U7.42 to net N20032969
Adding U7.74 to net N20032938
Adding U7.113 to net N20033087
Adding U7.132 to net N20033229
Adding U7.112 to net N20033092
Adding U7.126 to net N20033019
Adding U7.125 to net N20033021
Adding U7.120 to net N20032665
Adding U7.67 to net N20032954
Adding U7.77 to net N20032982
Adding U7.123 to net N20033114
Adding U5.3 to net URX
Adding U5.4 to net UTX
Deleting component R105
Deleting component R104
Deleting component R103
Deleting component R101
Deleting component R100
Deleting component R99
Deleting net N21438796
Deleting net N21435823
Deleting net N21435213
Deleting net N21434602
Deleting net N21427367
Deleting net N21425948
Deleting net N21424256
Deleting net N21423414
*EOF*
No errors found
